<?xml version="1.0" encoding="UTF-8"?>
<!-- Generated by org.testng.reporters.JUnitReportReporter -->
<testsuite hostname="PC-20171003KIXD" name="ahead.com.Demo1" tests="1" failures="0" timestamp="14 Mar 2019 00:52:10 GMT" time="20.158" errors="0">
  <testcase name="openchrome" time="20.158" classname="ahead.com.Demo1"/>
</testsuite> <!-- ahead.com.Demo1 -->
